1508595221/ 19.75
1508595282/ 19.75
1508595344/ 19.75
1508595405/ 19.69
1508595466/ 19.69
1508595526/ 19.69
1508595592/ 19.69
1508595653/ 19.69
1508595714/ 19.69
1508595775/ 19.69
1508595837/ 19.69
1508595898/ 19.69
1508595959/ 19.69
1508596019/ 19.69
1508596086/ 19.69
1508596147/ 19.69
1508596208/ 19.69
1508596269/ 19.69
1508596330/ 19.69
1508596391/ 19.69
1508596451/ 19.69
1508596519/ 19.69
1508596580/ 19.69
1508596641/ 19.69
1508596702/ 19.69
1508596763/ 19.69
1508596824/ 19.69
1508596885/ 19.69
1508596945/ 19.69
1508597011/ 19.69
1508597072/ 19.69
1508597133/ 19.69
1508597194/ 19.69
1508597255/ 19.75
1508597316/ 19.75
1508597377/ 19.75
1508597439/ 19.75
1508597499/ 19.75
1508597565/ 19.75
1508597626/ 19.69
1508597688/ 19.75
1508597749/ 19.75
1508597810/ 19.75
1508597871/ 19.75
1508597931/ 19.75
1508597997/ 19.69
1508598058/ 19.69
1508598119/ 19.69
1508598180/ 19.69
1508598241/ 19.69
1508598302/ 19.69
1508598363/ 19.69
1508598424/ 19.69
1508598484/ 19.69
1508598550/ 19.69
1508598611/ 19.69
1508598672/ 19.69
1508598733/ 19.69
1508598794/ 19.69
1508598855/ 19.69
1508598916/ 19.75
1508598977/ 19.69
1508599037/ 19.69
1508599103/ 19.69
1508599164/ 19.69
1508599225/ 19.69
1508599286/ 19.69
1508599347/ 19.69
1508599408/ 19.69
1508599469/ 19.69
1508599529/ 19.69
1508599595/ 19.69
1508599656/ 19.69
1508599718/ 19.69
1508599779/ 19.69
1508599840/ 19.69
1508599963/ 19.69
1508600023/ 19.69
1508600089/ 19.69
1508600150/ 19.62
1508600211/ 19.69
1508600272/ 19.69
1508600333/ 19.69
1508600394/ 19.69
1508600455/ 19.69
1508600516/ 19.75
1508600577/ 19.75
1508600638/ 19.75
1508600698/ 19.81
1508600764/ 19.81
1508600825/ 19.81
1508600886/ 19.88
1508600947/ 19.88
1508601008/ 19.88
1508601069/ 19.88
1508601130/ 19.88
1508601190/ 19.94
1508601256/ 19.94
1508601317/ 19.94
1508601378/ 19.94
1508601439/ 19.94
1508601500/ 19.94
1508601561/ 19.94
1508601622/ 19.94
1508601683/ 19.88
1508601744/ 19.94
1508601804/ 19.94
1508601870/ 19.88
1508601931/ 19.88
1508601992/ 19.88
1508602053/ 19.88
1508602114/ 19.88
1508602175/ 19.88
1508602236/ 19.88
1508602297/ 19.88
1508602358/ 19.88
1508602418/ 19.88
1508602484/ 19.88
1508602545/ 19.81
1508602607/ 19.81
1508602668/ 19.81
1508602729/ 19.81
1508602790/ 19.81
1508602850/ 19.81
1508602916/ 19.81
1508602977/ 19.81
1508603038/ 19.81
1508603100/ 19.81
1508603161/ 19.81
1508603224/ 19.81
1508603284/ 19.75
1508603350/ 19.81
1508603411/ 19.81
1508603472/ 19.75
1508603533/ 19.75
1508603594/ 19.75
1508603655/ 19.75
1508603716/ 19.75
1508603777/ 19.75
1508603838/ 19.75
1508603899/ 19.75
1508603960/ 19.75
1508604021/ 19.75
1508604082/ 19.75
1508604143/ 19.75
1508604204/ 19.75
1508604265/ 19.81
1508604327/ 19.81
1508604388/ 19.81
1508604449/ 19.88
1508604510/ 19.88
1508604571/ 19.88
1508604632/ 19.88
1508604692/ 19.94
1508604758/ 19.94
1508604820/ 19.94
1508604881/ 19.94
1508604942/ 20.00
1508605003/ 20.00
1508605064/ 20.00
1508605124/ 20.06
1508605190/ 20.06
1508605251/ 20.12
1508605313/ 20.12
1508605374/ 20.12
1508605435/ 20.19
1508605496/ 20.19
1508605557/ 20.19
1508605618/ 20.25
1508605678/ 20.25
1508605744/ 20.31
1508605805/ 20.31
1508605866/ 20.38
1508605927/ 20.38
1508605988/ 20.44
1508606049/ 20.44
1508606110/ 20.50
1508606170/ 20.50
1508606236/ 20.50
1508606298/ 20.56
1508606359/ 20.56
1508606420/ 20.62
1508606481/ 20.56
1508606542/ 20.56
1508606603/ 20.62
1508606664/ 20.56
1508606725/ 20.56
1508606786/ 20.56
1508606847/ 20.56
1508606908/ 20.56
1508606969/ 20.50
1508607030/ 20.56
1508607090/ 20.62
1508607156/ 20.62
1508607217/ 20.62
1508607278/ 20.62
1508607339/ 20.62
1508607400/ 20.62
1508607461/ 20.56
1508607522/ 20.56
1508607583/ 20.56
1508607644/ 20.62
1508607704/ 20.56
1508607770/ 20.56
1508607831/ 20.62
1508607892/ 20.69
1508607953/ 20.62
1508608014/ 20.62
1508608075/ 20.62
1508608136/ 20.62
1508608196/ 20.62
1508608262/ 20.62
1508608323/ 20.69
1508608384/ 20.69
1508608445/ 20.69
1508608506/ 20.69
1508608567/ 20.75
1508608628/ 20.69
1508608689/ 20.69
1508608750/ 20.75
1508608810/ 20.75
1508608876/ 20.69
1508608937/ 20.75
1508608998/ 20.75
1508609059/ 20.81
1508609120/ 20.81
1508609181/ 20.81
1508609242/ 20.88
1508609302/ 20.75
1508609368/ 20.75
1508609429/ 20.69
1508609490/ 20.62
1508609551/ 20.56
1508609612/ 20.56
1508609673/ 20.50
1508609734/ 20.50
1508609795/ 20.50
1508609856/ 20.44
1508609916/ 20.44
1508609982/ 20.44
1508610043/ 20.44
1508610104/ 20.44
1508610165/ 20.44
1508610226/ 20.44
1508610287/ 20.38
1508610348/ 20.44
1508610409/ 20.38
1508610469/ 20.44
1508610535/ 20.38
1508610596/ 20.44
1508610657/ 20.44
1508610718/ 20.38
1508610779/ 20.38
1508610840/ 20.44
1508610902/ 20.44
1508610962/ 20.38
1508611028/ 20.38
1508611089/ 20.38
1508611150/ 20.44
1508611211/ 20.38
1508611272/ 20.44
1508611333/ 20.38
1508611394/ 20.38
1508611454/ 20.38
1508611520/ 20.38
1508611582/ 20.38
1508611643/ 20.38
1508611704/ 20.38
1508611765/ 20.38
1508611826/ 20.38
1508611887/ 20.31
1508611947/ 20.31
1508612013/ 20.31
1508612075/ 20.31
1508612136/ 20.31
1508612197/ 20.38
1508612258/ 20.31
1508612319/ 20.31
1508612380/ 20.31
1508612440/ 20.31
1508612506/ 20.31
1508612567/ 20.31
1508612628/ 20.31
1508612689/ 20.31
1508612750/ 20.31
1508612811/ 20.31
1508612873/ 20.31
1508612933/ 20.31
1508612999/ 20.31
1508613060/ 20.31
1508613121/ 20.31
1508613182/ 20.31
1508613243/ 20.31
1508613304/ 20.31
1508613365/ 20.31
1508613426/ 20.31
1508613486/ 20.31
1508613552/ 20.31
1508613613/ 20.38
1508613674/ 20.38
1508613735/ 20.38
1508613796/ 20.38
1508613858/ 20.38
1508613918/ 20.38
1508613984/ 20.38
1508614045/ 20.38
1508614106/ 20.44
1508614167/ 20.44
1508614228/ 20.44
1508614289/ 20.44
1508614350/ 20.44
1508614411/ 20.44
1508614472/ 20.44
1508614532/ 20.44
1508614598/ 20.44
1508614659/ 20.44
1508614720/ 20.44
1508614781/ 20.44
1508614842/ 20.38
1508614903/ 20.38
1508614964/ 20.38
1508615024/ 20.38
1508615090/ 20.38
1508615151/ 20.38
1508615212/ 20.38
1508615273/ 20.38
1508615334/ 20.38
1508615395/ 20.38
1508615456/ 20.38
1508615517/ 20.38
1508615578/ 20.38
1508615639/ 20.38
1508615700/ 20.38
1508615761/ 20.31
1508615822/ 20.31
1508615883/ 20.31
1508615944/ 20.31
1508616005/ 20.31
1508616066/ 20.31
1508616126/ 20.31
1508616192/ 20.31
1508616253/ 20.31
1508616314/ 20.31
1508616375/ 20.31
1508616436/ 20.31
1508616497/ 20.31
1508616558/ 20.31
1508616619/ 20.31
1508616679/ 20.25
1508616745/ 20.25
1508616806/ 20.25
1508616867/ 20.25
1508616928/ 20.25
1508616989/ 20.25
1508617050/ 20.25
1508617111/ 20.25
1508617172/ 20.25
1508617232/ 20.25
1508617298/ 20.25
1508617360/ 20.25
1508617421/ 20.25
1508617482/ 20.25
1508617543/ 20.25
1508617604/ 20.31
1508617665/ 20.31
1508617725/ 20.31
1508617791/ 20.31
1508617852/ 20.31
1508617913/ 20.31
1508617974/ 20.31
1508618035/ 20.31
1508618096/ 20.31
1508618157/ 20.31
1508618218/ 20.31
1508618278/ 20.31
1508618344/ 20.31
1508618406/ 20.31
1508618467/ 20.31
1508618528/ 20.31
1508618589/ 20.31
1508618650/ 20.31
1508618712/ 20.31
1508618773/ 20.31
1508618834/ 20.31
1508618895/ 20.25
1508618956/ 20.31
1508619017/ 20.31
1508619078/ 20.25
1508619139/ 20.31
1508619199/ 20.25
1508619265/ 20.25
1508619326/ 20.25
1508619387/ 20.25
1508619448/ 20.25
1508619510/ 20.31
1508619571/ 20.25
1508619632/ 20.25
1508619692/ 20.31
1508619758/ 20.31
1508619819/ 20.31
1508619880/ 20.31
1508619941/ 20.31
1508620002/ 20.31
1508620063/ 20.31
1508620124/ 20.31
1508620184/ 20.38
1508620250/ 20.38
1508620311/ 20.38
1508620372/ 20.31
1508620433/ 20.31
1508620494/ 20.31
1508620555/ 20.31
1508620617/ 20.31
1508620677/ 20.25
1508620743/ 20.25
1508620805/ 20.19
1508620866/ 20.19
1508620927/ 20.19
1508620988/ 20.19
1508621049/ 20.19
1508621110/ 20.12
1508621170/ 20.12
1508621236/ 20.12
1508621297/ 20.12
1508621358/ 20.12
1508621419/ 20.06
1508621480/ 20.06
1508621541/ 20.06
1508621602/ 20.06
1508621662/ 20.06
1508621728/ 20.06
1508621789/ 20.00
1508621850/ 20.00
1508621911/ 20.00
1508621972/ 20.00
1508622033/ 20.00
1508622094/ 20.00
1508622155/ 20.00
1508622215/ 20.00
1508622281/ 20.00
1508622342/ 20.00
1508622403/ 19.94
1508622464/ 19.94
1508622525/ 19.94
1508622586/ 19.94
1508622647/ 19.94
1508622708/ 19.94
1508622768/ 19.94
1508622834/ 19.94
1508622895/ 19.94
1508622956/ 19.94
1508623017/ 19.88
1508623078/ 19.94
1508623139/ 19.88
1508623200/ 19.88
1508623261/ 19.88
1508623322/ 19.88
1508623383/ 19.88
1508623444/ 19.88
1508623505/ 19.88
1508623566/ 19.88
1508623627/ 19.88
1508623688/ 19.88
1508623748/ 19.88
1508623814/ 19.88
1508623875/ 19.88
1508623936/ 19.88
1508623997/ 19.88
1508624058/ 19.81
1508624119/ 19.88
1508624180/ 19.88
1508624241/ 19.81
1508624301/ 19.81
1508624367/ 19.81
1508624428/ 19.81
1508624489/ 19.81
1508624550/ 19.81
1508624611/ 19.81
1508624672/ 19.81
1508624733/ 19.81
1508624794/ 19.81
1508624854/ 19.81
1508624921/ 19.81
1508624982/ 19.81
1508625043/ 19.81
1508625104/ 19.81
1508625165/ 19.75
1508625226/ 19.75
1508625287/ 19.75
1508625348/ 19.75
1508625411/ 19.75
1508625472/ 19.75
1508625533/ 19.75
1508625594/ 19.75
1508625654/ 19.75
1508625720/ 19.75
1508625781/ 19.75
1508625842/ 19.75
1508625903/ 19.75
1508625964/ 19.75
1508626025/ 19.75
1508626086/ 19.75
1508626146/ 19.75
1508626212/ 19.69
1508626273/ 19.69
1508626334/ 19.69
1508626396/ 19.69
1508626457/ 19.69
1508626518/ 19.69
1508626579/ 19.69
1508626639/ 19.69
1508626705/ 19.69
1508626766/ 19.69
1508626827/ 19.69
1508626889/ 19.69
1508626950/ 19.69
1508627011/ 19.69
1508627072/ 19.69
1508627132/ 19.69
1508627198/ 19.62
1508627259/ 19.62
1508627320/ 19.62
1508627381/ 19.62
1508627442/ 19.69
1508627503/ 19.62
1508627564/ 19.62
1508627624/ 19.62
1508627690/ 19.62
1508627751/ 19.62
1508627812/ 19.62
1508627873/ 19.62
1508627934/ 19.62
1508627995/ 19.62
1508628056/ 19.62
1508628117/ 19.62
1508628177/ 19.62
1508628243/ 19.62
1508628305/ 19.62
1508628366/ 19.62
1508628427/ 19.62
1508628488/ 19.62
1508628549/ 19.62
1508628610/ 19.62
1508628670/ 19.62
1508628736/ 19.62
1508628797/ 19.62
1508628858/ 19.62
1508628919/ 19.62
1508628980/ 19.62
1508629042/ 19.62
1508629103/ 19.56
1508629163/ 19.56
1508629229/ 19.62
1508629290/ 19.56
1508629351/ 19.56
1508629412/ 19.56
1508629473/ 19.56
1508629534/ 19.56
1508629595/ 19.56
1508629656/ 19.56
1508629716/ 19.56
1508629782/ 19.56
1508629843/ 19.56
1508629904/ 19.56
1508629965/ 19.56
1508630026/ 19.56
1508630087/ 19.56
1508630148/ 19.56
1508630209/ 19.56
1508630270/ 19.56
1508630330/ 19.56
1508630396/ 19.56
1508630457/ 19.56
1508630518/ 19.56
1508630579/ 19.56
1508630640/ 19.56
1508630701/ 19.56
1508630762/ 19.56
1508630823/ 19.56
1508630883/ 19.56
1508630949/ 19.56
1508631010/ 19.56
1508631071/ 19.56
1508631132/ 19.56
1508631193/ 19.50
1508631254/ 19.50
1508631315/ 19.50
1508631376/ 19.56
1508631437/ 19.50
1508631498/ 19.50
1508631559/ 19.50
1508631620/ 19.50
1508631681/ 19.50
1508631742/ 19.50
1508631803/ 19.50
1508631863/ 19.50
1508631929/ 19.50
1508631990/ 19.50
1508632051/ 19.50
1508632112/ 19.50
1508632173/ 19.50
1508632234/ 19.44
1508632295/ 19.44
1508632357/ 19.44
1508632417/ 19.44
1508632483/ 19.44
1508632544/ 19.44
1508632605/ 19.44
1508632666/ 19.44
1508632727/ 19.44
1508632788/ 19.44
1508632849/ 19.44
1508632910/ 19.44
1508632971/ 19.44
1508633032/ 19.44
1508633093/ 19.44
1508633154/ 19.44
1508633215/ 19.44
1508633277/ 19.44
1508633337/ 19.38
1508633403/ 19.44
1508633464/ 19.38
1508633525/ 19.38
1508633586/ 19.38
1508633647/ 19.44
1508633708/ 19.38
1508633769/ 19.38
1508633830/ 19.38
1508633890/ 19.38
1508633956/ 19.38
1508634017/ 19.38
1508634078/ 19.38
1508634139/ 19.38
1508634200/ 19.38
1508634261/ 19.38
1508634322/ 19.38
1508634383/ 19.38
1508634444/ 19.38
1508634504/ 19.38
1508634570/ 19.38
1508634631/ 19.38
1508634692/ 19.38
1508634753/ 19.31
1508634814/ 19.38
1508634875/ 19.31
1508634936/ 19.31
1508634996/ 19.31
1508635063/ 19.31
1508635124/ 19.31
1508635185/ 19.31
1508635246/ 19.31
1508635307/ 19.31
1508635368/ 19.31
1508635429/ 19.31
1508635490/ 19.31
1508635550/ 19.31
1508635616/ 19.31
1508635677/ 19.31
1508635738/ 19.31
1508635799/ 19.31
1508635860/ 19.31
1508635921/ 19.31
1508635982/ 19.31
1508636042/ 19.31
1508636108/ 19.25
1508636169/ 19.25
1508636230/ 19.31
1508636291/ 19.31
1508636353/ 19.25
1508636414/ 19.25
1508636475/ 19.25
1508636536/ 19.25
1508636596/ 19.25
1508636662/ 19.25
1508636723/ 19.25
1508636784/ 19.25
1508636846/ 19.25
1508636907/ 19.25
1508636968/ 19.25
1508637028/ 19.25
1508637094/ 19.25
1508637155/ 19.25
1508637216/ 19.25
1508637277/ 19.19
1508637338/ 19.25
1508637400/ 19.25
1508637461/ 19.19
1508637521/ 19.19
1508637587/ 19.19
1508637649/ 19.25
1508637710/ 19.19
1508637771/ 19.19
1508637832/ 19.19
1508637893/ 19.19
1508637954/ 19.19
1508638015/ 19.19
1508638076/ 19.19
1508638137/ 19.19
1508638198/ 19.19
1508638259/ 19.19
1508638320/ 19.19
1508638381/ 19.19
1508638442/ 19.12
1508638502/ 19.12
1508638568/ 19.19
1508638629/ 19.12
1508638690/ 19.12
1508638751/ 19.19
1508638812/ 19.12
1508638873/ 19.12
1508638934/ 19.12
1508638994/ 19.12
1508639061/ 19.19
1508639122/ 19.12
1508639183/ 19.12
1508639244/ 19.12
1508639305/ 19.12
1508639366/ 19.12
1508639427/ 19.12
1508639487/ 19.12
1508639553/ 19.12
1508639614/ 19.12
1508639675/ 19.12
1508639736/ 19.12
1508639797/ 19.12
1508639859/ 19.12
1508639920/ 19.12
1508639980/ 19.12
1508640046/ 19.12
1508640107/ 19.12
1508640168/ 19.12
1508640229/ 19.12
1508640290/ 19.12
1508640351/ 19.12
1508640412/ 19.12
1508640473/ 19.06
1508640534/ 19.06
1508640595/ 19.06
1508640656/ 19.06
1508640717/ 19.06
1508640778/ 19.06
1508640839/ 19.06
1508640900/ 19.06
1508640960/ 19.06
1508641027/ 19.06
1508641088/ 19.06
1508641149/ 19.06
1508641210/ 19.06
1508641271/ 19.06
1508641332/ 19.06
1508641392/ 19.06
1508641459/ 19.06
1508641520/ 19.06
1508641581/ 19.06
1508641642/ 19.06
1508641703/ 19.06
1508641764/ 19.06
1508641825/ 19.06
1508641886/ 19.06
1508641946/ 19.06
1508642012/ 19.00
1508642073/ 19.06
1508642134/ 19.00
1508642195/ 19.00
1508642256/ 19.00
1508642317/ 19.00
1508642378/ 19.00
1508642439/ 19.06
1508642500/ 19.00
1508642560/ 19.00
1508642626/ 19.06
1508642687/ 19.00
1508642748/ 19.00
1508642809/ 19.00
1508642870/ 19.00
1508642931/ 19.00
1508642992/ 19.00
1508643053/ 19.00
1508643113/ 19.00
1508643179/ 19.00
1508643240/ 19.00
1508643301/ 19.00
1508643362/ 19.00
1508643423/ 19.00
1508643484/ 19.00
1508643546/ 19.00
1508643606/ 19.00
1508643672/ 19.00
1508643733/ 19.00
1508643794/ 19.00
1508643855/ 19.00
1508643917/ 19.00
1508643978/ 19.00
1508644038/ 19.00
1508644104/ 19.00
1508644165/ 18.94
1508644226/ 19.00
1508644287/ 18.94
1508644348/ 18.94
1508644409/ 18.94
1508644470/ 18.94
1508644531/ 18.94
1508644592/ 18.94
1508644653/ 18.94
1508644714/ 18.94
1508644775/ 18.94
1508644836/ 18.94
1508644897/ 18.94
1508644958/ 18.94
1508645019/ 18.94
1508645080/ 18.94
1508645140/ 18.94
1508645206/ 18.94
1508645267/ 18.94
1508645328/ 18.94
1508645389/ 18.94
1508645451/ 18.94
1508645512/ 18.88
1508645573/ 18.88
1508645633/ 18.88
1508645699/ 18.88
1508645760/ 18.88
1508645821/ 18.88
1508645882/ 18.88
1508645944/ 18.88
1508646005/ 18.88
1508646066/ 18.88
1508646126/ 18.88
1508646192/ 18.88
1508646253/ 18.88
1508646314/ 18.88
1508646375/ 18.88
1508646436/ 18.88
1508646497/ 18.88
1508646559/ 18.88
1508646619/ 18.88
1508646685/ 18.88
1508646746/ 18.88
1508646807/ 18.81
1508646868/ 18.81
1508646929/ 18.88
1508646990/ 18.81
1508647051/ 18.81
1508647112/ 18.81
1508647172/ 18.81
1508647238/ 18.81
1508647299/ 18.81
1508647360/ 18.81
1508647421/ 18.81
1508647482/ 18.81
1508647543/ 18.81
1508647604/ 18.81
1508647664/ 18.81
1508647730/ 18.81
1508647791/ 18.81
1508647852/ 18.81
1508647913/ 18.81
1508647974/ 18.81
1508648035/ 18.75
1508648096/ 18.81
1508648157/ 18.75
1508648218/ 18.81
1508648279/ 18.75
1508648340/ 18.75
1508648400/ 18.75
1508648466/ 18.75
1508648527/ 18.75
1508648588/ 18.75
1508648651/ 18.75
1508648712/ 18.75
1508648772/ 18.75
1508648838/ 18.75
1508648899/ 18.75
1508648960/ 18.75
1508649021/ 18.75
1508649082/ 18.75
1508649143/ 18.75
1508649204/ 18.75
1508649265/ 18.75
1508649326/ 18.75
1508649386/ 18.75
1508649452/ 18.75
1508649513/ 18.75
1508649574/ 18.75
1508649635/ 18.69
1508649696/ 18.69
1508649757/ 18.69
1508649818/ 18.69
1508649879/ 18.69
1508649939/ 18.69
1508650005/ 18.69
1508650066/ 18.69
1508650127/ 18.69
1508650188/ 18.69
1508650249/ 18.69
1508650310/ 18.69
1508650371/ 18.69
1508650432/ 18.69
1508650493/ 18.69
1508650554/ 18.69
1508650615/ 18.69
1508650676/ 18.69
1508650737/ 18.69
1508650798/ 18.69
1508650859/ 18.69
1508650919/ 18.69
1508650985/ 18.69
1508651046/ 18.69
1508651107/ 18.69
1508651168/ 18.69
1508651230/ 18.69
1508651291/ 18.62
1508651352/ 18.62
1508651412/ 18.69
1508651478/ 18.62
1508651539/ 18.62
1508651600/ 18.62
1508651661/ 18.62
1508651722/ 18.62
1508651783/ 18.62
1508651844/ 18.62
1508651905/ 18.62
1508651966/ 18.62
1508652027/ 18.62
1508652088/ 18.62
1508652149/ 18.62
1508652210/ 18.62
1508652271/ 18.62
1508652332/ 18.62
1508652392/ 18.62
1508652458/ 18.62
1508652520/ 18.62
1508652581/ 18.62
1508652642/ 18.62
1508652703/ 18.62
1508652764/ 18.62
1508652825/ 18.62
1508652886/ 18.62
1508652947/ 18.56
1508653008/ 18.56
1508653069/ 18.56
1508653130/ 18.56
1508653191/ 18.62
1508653252/ 18.56
1508653313/ 18.56
1508653374/ 18.56
1508653434/ 18.56
1508653500/ 18.56
1508653561/ 18.56
1508653622/ 18.56
1508653683/ 18.56
1508653744/ 18.56
1508653805/ 18.56
1508653866/ 18.56
1508653926/ 18.56
1508653992/ 18.56
1508654053/ 18.56
1508654114/ 18.56
1508654175/ 18.56
1508654236/ 18.56
1508654297/ 18.56
1508654358/ 18.56
1508654419/ 18.56
1508654479/ 18.56
1508654546/ 18.56
1508654607/ 18.56
1508654668/ 18.56
1508654730/ 18.56
1508654791/ 18.56
1508654852/ 18.56
1508654913/ 18.50
1508654974/ 18.50
1508655035/ 18.50
1508655096/ 18.50
1508655157/ 18.56
1508655218/ 18.56
1508655279/ 18.56
1508655340/ 18.50
1508655400/ 18.50
1508655466/ 18.50
1508655527/ 18.50
1508655588/ 18.50
1508655649/ 18.50
1508655710/ 18.50
1508655771/ 18.50
1508655832/ 18.56
1508655892/ 18.56
1508655958/ 18.56
1508656019/ 18.56
1508656080/ 18.62
1508656142/ 18.62
1508656203/ 18.69
1508656264/ 18.69
1508656325/ 18.75
1508656386/ 18.81
1508656446/ 18.81
1508656512/ 18.88
1508656573/ 18.88
1508656634/ 18.94
1508656695/ 19.00
1508656756/ 19.00
1508656817/ 19.06
1508656878/ 19.12
1508656939/ 19.12
1508657000/ 19.12
1508657060/ 19.19
1508657126/ 19.19
1508657187/ 19.25
1508657248/ 19.25
1508657309/ 19.31
1508657370/ 19.38
1508657432/ 19.38
1508657492/ 19.44
1508657558/ 19.50
1508657619/ 19.50
1508657680/ 19.56
1508657741/ 19.56
1508657802/ 19.62
1508657863/ 19.62
1508657925/ 19.69
1508657985/ 19.69
1508658051/ 19.75
1508658112/ 19.75
1508658173/ 19.81
1508658234/ 19.81
1508658295/ 19.88
1508658357/ 19.88
1508658418/ 19.88
1508658480/ 19.94
1508658540/ 20.00
1508658606/ 20.00
1508658667/ 20.00
1508658728/ 19.94
1508658790/ 20.00
1508658851/ 20.00
1508658913/ 20.00
1508658974/ 20.06
1508659035/ 20.06
1508659096/ 20.12
1508659157/ 20.25
1508659218/ 20.19
1508659279/ 20.25
1508659340/ 20.25
1508659401/ 20.31
1508659462/ 20.31
1508659523/ 20.38
1508659584/ 20.44
1508659645/ 20.44
1508659706/ 20.44
1508659767/ 20.44
1508659828/ 20.50
1508659888/ 20.56
1508659954/ 20.50
1508660015/ 20.50
1508660076/ 20.50
1508660137/ 20.50
1508660198/ 20.50
1508660259/ 20.50
1508660321/ 20.56
1508660381/ 20.56
1508660447/ 20.50
1508660508/ 20.50
1508660569/ 20.44
1508660630/ 20.44
1508660691/ 20.50
1508660752/ 20.50
1508660813/ 20.44
1508660874/ 20.38
1508660934/ 20.38
1508661000/ 20.38
1508661062/ 20.38
1508661123/ 20.38
1508661184/ 20.38
1508661245/ 20.38
1508661306/ 20.31
1508661366/ 20.31
1508661432/ 20.25
1508661493/ 20.25
1508661554/ 20.25
1508661615/ 20.19
1508661677/ 20.19
1508661738/ 20.19
1508661799/ 20.19
1508661860/ 20.19
1508661920/ 20.12
1508661986/ 20.12
1508662047/ 20.19
1508662108/ 20.19
1508662169/ 20.19
1508662230/ 20.19
1508662291/ 20.19
1508662352/ 20.19
1508662413/ 20.12
1508662473/ 20.12
1508662539/ 20.12
1508662600/ 20.12
1508662661/ 20.12
1508662722/ 20.06
1508662783/ 20.06
1508662844/ 20.06
1508662905/ 20.00
1508662966/ 20.06
1508663026/ 20.06
1508663092/ 20.00
1508663153/ 20.00
1508663214/ 20.00
1508663275/ 20.00
1508663337/ 20.00
1508663398/ 19.94
1508663458/ 19.94
1508663524/ 19.94
1508663585/ 19.88
1508663646/ 19.88
1508663707/ 19.88
1508663768/ 19.88
1508663829/ 19.88
1508663890/ 19.88
1508663951/ 19.88
1508664012/ 19.88
1508664072/ 19.88
1508664138/ 19.88
1508664199/ 19.88
1508664260/ 19.88
1508664321/ 19.88
1508664382/ 19.88
1508664443/ 19.88
1508664504/ 19.88
1508664565/ 19.88
1508664626/ 19.94
1508664686/ 19.88
1508664753/ 19.94
1508664814/ 19.88
1508664875/ 19.88
1508664936/ 19.88
1508664997/ 19.88
1508665058/ 19.88
1508665118/ 19.88
1508665184/ 19.88
1508665246/ 19.88
1508665307/ 19.88
1508665368/ 19.88
1508665429/ 19.88
1508665491/ 19.88
1508665551/ 19.88
1508665617/ 19.88
1508665678/ 19.88
1508665739/ 19.88
1508665800/ 19.88
1508665861/ 19.88
1508665923/ 19.88
1508665984/ 19.88
1508666044/ 19.94
1508666110/ 19.88
1508666171/ 19.88
1508666232/ 19.88
1508666293/ 19.88
1508666354/ 19.88
1508666415/ 19.81
1508666476/ 19.81
1508666536/ 19.81
1508666602/ 19.81
1508666663/ 19.81
1508666725/ 19.81
1508666786/ 19.81
1508666847/ 19.81
1508666908/ 19.75
1508666969/ 19.75
1508667030/ 19.75
1508667091/ 19.75
1508667153/ 19.75
1508667214/ 19.75
1508667275/ 19.75
1508667337/ 19.75
1508667398/ 19.75
1508667459/ 19.75
1508667520/ 19.75
1508667582/ 19.75
1508667643/ 19.75
1508667704/ 19.75
1508667765/ 19.75
1508667826/ 19.75
1508667887/ 19.75
1508667948/ 19.69
1508668009/ 19.69
1508668071/ 19.69
1508668132/ 19.69
1508668193/ 19.75
1508668253/ 19.75
1508668319/ 19.75
1508668380/ 19.81
1508668441/ 19.81
1508668502/ 19.81
1508668564/ 19.88
1508668625/ 19.88
1508668686/ 19.88
1508668746/ 19.94
1508668812/ 19.94
1508668873/ 19.94
1508668934/ 20.00
1508668995/ 20.06
1508669056/ 20.06
1508669117/ 20.12
1508669178/ 20.12
1508669238/ 20.19
1508669304/ 20.25
1508669365/ 20.31
1508669426/ 20.31
1508669487/ 20.38
1508669548/ 20.38
1508669609/ 20.38
1508669670/ 20.44
1508669731/ 20.50
1508669791/ 20.56
1508669857/ 20.62
1508669918/ 20.62
1508669979/ 20.62
1508670040/ 20.62
1508670101/ 20.62
1508670162/ 20.62
1508670223/ 20.62
1508670284/ 20.62
1508670345/ 20.62
1508670406/ 20.69
1508670466/ 20.69
1508670532/ 20.69
1508670593/ 20.62
1508670654/ 20.62
1508670715/ 20.56
1508670776/ 20.56
1508670837/ 20.50
1508670898/ 20.50
1508670959/ 20.50
1508671019/ 20.50
1508671085/ 20.50
1508671147/ 20.44
1508671208/ 20.44
1508671269/ 20.44
1508671330/ 20.38
1508671391/ 20.38
1508671452/ 20.38
1508671512/ 20.38
1508671578/ 20.38
1508671640/ 20.38
1508671701/ 20.31
1508671762/ 20.31
1508671823/ 20.31
1508671884/ 20.31
1508671944/ 20.31
1508672010/ 20.31
1508672071/ 20.31
1508672132/ 20.31
1508672193/ 20.25
1508672254/ 20.31
1508672315/ 20.25
1508672376/ 20.25
1508672437/ 20.25
1508672498/ 20.25
1508672558/ 20.19
1508672624/ 20.19
1508672685/ 20.19
1508672746/ 20.19
1508672807/ 20.19
1508672868/ 20.12
1508672929/ 20.12
1508672990/ 20.12
1508673050/ 20.12
1508673116/ 20.12
1508673177/ 20.12
1508673238/ 20.12
1508673301/ 20.12
1508673362/ 20.12
1508673423/ 20.12
1508673483/ 20.06
1508673549/ 20.06
1508673610/ 20.06
1508673671/ 20.06
1508673732/ 20.06
1508673793/ 20.06
1508673854/ 20.06
1508673915/ 20.06
1508673976/ 20.06
1508674036/ 20.06
1508674102/ 20.00
1508674163/ 20.00
1508674224/ 20.00
1508674286/ 20.00
1508674347/ 20.00
1508674409/ 19.94
1508674469/ 19.94
1508674535/ 19.94
1508674596/ 19.94
1508674657/ 19.88
1508674718/ 19.88
1508674779/ 19.88
1508674840/ 19.88
1508674901/ 19.88
1508674962/ 19.88
1508675022/ 19.81
1508675088/ 19.81
1508675149/ 19.81
1508675210/ 19.81
1508675271/ 19.81
1508675332/ 19.81
1508675393/ 19.81
1508675454/ 19.81
1508675515/ 19.81
1508675575/ 19.81
1508675641/ 19.81
1508675702/ 19.81
1508675763/ 19.81
1508675824/ 19.81
1508675885/ 19.81
1508675946/ 19.81
1508676007/ 19.81
1508676068/ 19.75
1508676128/ 19.75
1508676195/ 19.75
1508676256/ 19.75
1508676317/ 19.75
1508676378/ 19.75
1508676439/ 19.75
1508676500/ 19.75
1508676561/ 19.75
1508676621/ 19.75
1508676688/ 19.75
1508676749/ 19.75
1508676810/ 19.75
1508676871/ 19.75
1508676932/ 19.75
1508676993/ 19.75
1508677054/ 19.75
1508677114/ 19.69
1508677181/ 19.69
1508677242/ 19.75
1508677303/ 19.69
1508677364/ 19.75
1508677425/ 19.75
1508677486/ 19.75
1508677547/ 19.75
1508677608/ 19.75
1508677669/ 19.75
1508677730/ 19.75
1508677791/ 19.75
1508677852/ 19.75
1508677913/ 19.75
1508677974/ 19.75
1508678035/ 19.75
1508678096/ 19.69
1508678157/ 19.69
1508678218/ 19.69
1508678279/ 19.69
1508678340/ 19.69
1508678401/ 19.69
1508678462/ 19.69
1508678523/ 19.69
1508678583/ 19.69
1508678649/ 19.69
1508678710/ 19.69
1508678771/ 19.69
1508678832/ 19.69
1508678893/ 19.69
1508678954/ 19.69
1508679015/ 19.62
1508679076/ 19.62
1508679136/ 19.62
1508679203/ 19.69
1508679264/ 19.69
1508679325/ 19.62
1508679386/ 19.62
1508679447/ 19.62
1508679508/ 19.69
1508679568/ 19.62
1508679634/ 19.62
1508679695/ 19.62
1508679756/ 19.62
1508679818/ 19.62
1508679879/ 19.62
1508679940/ 19.62
1508680001/ 19.62
1508680061/ 19.62
1508680127/ 19.62
1508680188/ 19.56
1508680249/ 19.56
1508680310/ 19.56
1508680371/ 19.56
1508680432/ 19.56
1508680493/ 19.56
1508680554/ 19.56
1508680615/ 19.56
1508680676/ 19.50
1508680737/ 19.50
1508680798/ 19.50
1508680859/ 19.50
1508680920/ 19.50
1508680981/ 19.50
1508681041/ 19.50
1508681108/ 19.50
1508681169/ 19.56
1508681230/ 19.56
1508681291/ 19.62
1508681353/ 19.62
1508681414/ 19.69
1508681475/ 19.69
1508681536/ 19.75
1508681597/ 19.75
1508681658/ 19.81
1508681719/ 19.81
1508681780/ 19.88
1508681841/ 19.94
1508681901/ 19.94
1508681967/ 20.00
1508682028/ 20.00
1508682089/ 20.06
1508682150/ 20.06
1508682211/ 20.12
1508682273/ 20.12
1508682334/ 20.19
1508682394/ 20.19
1508682460/ 20.25
1508682521/ 20.31
1508682582/ 20.31
1508682643/ 20.31
1508682704/ 20.38
1508682765/ 20.38
1508682826/ 20.44
1508682887/ 20.44
1508682948/ 20.50
1508683008/ 20.50
1508683074/ 20.50
1508683135/ 20.56
1508683196/ 20.56
1508683257/ 20.56
1508683318/ 20.56
1508683379/ 20.62
1508683440/ 20.62
1508683501/ 20.69
1508683561/ 20.69
1508683627/ 20.69
1508683688/ 20.69
1508683749/ 20.69
1508683810/ 20.69
1508683871/ 20.69
1508683932/ 20.69
1508683993/ 20.69
1508684054/ 20.69
1508684114/ 20.62
1508684180/ 20.62
1508684241/ 20.62
1508684302/ 20.56
1508684363/ 20.56
1508684424/ 20.56
1508684485/ 20.50
1508684546/ 20.50
1508684607/ 20.50
1508684667/ 20.44
1508684733/ 20.44
1508684794/ 20.44
1508684855/ 20.44
1508684916/ 20.38
1508684977/ 20.38
1508685038/ 20.38
1508685099/ 20.38
1508685160/ 20.38
1508685220/ 20.31
1508685286/ 20.31
1508685347/ 20.31
1508685409/ 20.31
1508685470/ 20.31
1508685531/ 20.31
1508685592/ 20.31
1508685652/ 20.25
1508685718/ 20.25
1508685779/ 20.25
1508685840/ 20.25
1508685901/ 20.25
1508685962/ 20.25
1508686023/ 20.25
1508686084/ 20.25
1508686145/ 20.19
1508686206/ 20.19
1508686266/ 20.19
1508686333/ 20.19
1508686394/ 20.19
1508686455/ 20.19
1508686516/ 20.19
1508686577/ 20.19
1508686638/ 20.19
1508686699/ 20.19
1508686760/ 20.19
1508686822/ 20.12
1508686883/ 20.12
1508686945/ 20.12
1508687006/ 20.12
1508687066/ 20.12
1508687132/ 20.12
1508687193/ 20.12
1508687254/ 20.12
1508687315/ 20.12
1508687376/ 20.12
1508687438/ 20.06
1508687499/ 20.06
1508687559/ 20.06
1508687626/ 20.06
1508687688/ 20.06
1508687749/ 20.06
1508687810/ 20.00
1508687871/ 20.00
1508687932/ 20.00
1508687992/ 20.00
1508688058/ 20.00
1508688119/ 20.00
1508688180/ 20.00
1508688241/ 20.00
1508688302/ 20.00
1508688363/ 20.00
1508688424/ 20.00
1508688485/ 20.00
1508688546/ 20.00
1508688607/ 20.00
1508688668/ 20.00
1508688729/ 20.00
1508688790/ 20.00
1508688851/ 20.00
1508688912/ 20.00
1508688973/ 20.00
1508689035/ 20.00
1508689096/ 20.00
1508689157/ 20.00
1508689218/ 20.00
1508689279/ 19.94
1508689340/ 19.94
1508689400/ 19.94
1508689466/ 19.94
1508689528/ 19.94
1508689589/ 19.94
1508689650/ 20.00
1508689711/ 20.00
1508689772/ 20.00
1508689832/ 20.00
1508689898/ 20.06
1508689959/ 20.06
1508690020/ 20.06
1508690081/ 20.12
1508690142/ 20.12
1508690203/ 20.12
1508690264/ 20.12
1508690325/ 20.19
1508690385/ 20.19
1508690451/ 20.25
1508690512/ 20.25
1508690573/ 20.31
1508690634/ 20.31
1508690695/ 20.38
1508690756/ 20.44
1508690817/ 20.44
1508690878/ 20.50
1508690938/ 20.50
1508691004/ 20.56
1508691065/ 20.62
1508691126/ 20.62
1508691188/ 20.56
1508691249/ 20.56
1508691310/ 20.56
1508691371/ 20.56
1508691431/ 20.62
1508691497/ 20.62
1508691559/ 20.62
1508691620/ 20.56
1508691681/ 20.56
1508691742/ 20.56
1508691804/ 20.56
1508691864/ 20.56
1508691930/ 20.56
1508691991/ 20.56
1508692052/ 20.56
1508692113/ 20.50
1508692174/ 20.56
1508692235/ 20.50
1508692296/ 20.56
1508692357/ 20.50
1508692418/ 20.50
1508692478/ 20.50
1508692544/ 20.50
1508692605/ 20.50
1508692666/ 20.50
1508692727/ 20.50
1508692788/ 20.50
1508692849/ 20.50
1508692910/ 20.44
1508692970/ 20.50
1508693036/ 20.44
1508693097/ 20.44
1508693158/ 20.44
1508693219/ 20.44
1508693280/ 20.44
1508693341/ 20.44
1508693402/ 20.44
1508693463/ 20.38
1508693524/ 20.38
1508693585/ 20.38
1508693646/ 20.38
1508693707/ 20.38
1508693768/ 20.38
1508693830/ 20.38
1508693891/ 20.38
1508693951/ 20.31
1508694017/ 20.38
1508694078/ 20.31
1508694139/ 20.31
1508694200/ 20.31
1508694261/ 20.31
1508694323/ 20.31
1508694384/ 20.31
1508694444/ 20.31
1508694510/ 20.31
1508694572/ 20.31
1508694633/ 20.25
1508694694/ 20.25
1508694755/ 20.25
1508694816/ 20.25
1508694876/ 20.25
1508694942/ 20.25
1508695003/ 20.25
1508695064/ 20.25
1508695125/ 20.25
1508695186/ 20.25
1508695247/ 20.25
1508695308/ 20.19
1508695369/ 20.19
1508695430/ 20.19
1508695490/ 20.19
1508695557/ 20.19
1508695618/ 20.19
1508695679/ 20.19
1508695740/ 20.19
1508695801/ 20.19
1508695862/ 20.19
1508695922/ 20.19
1508695988/ 20.19
1508696049/ 20.19
1508696110/ 20.12
1508696171/ 20.12
1508696232/ 20.12
1508696293/ 20.12
1508696354/ 20.12
1508696415/ 20.12
1508696475/ 20.12
1508696541/ 20.12
1508696602/ 20.12
1508696664/ 20.12
1508696725/ 20.12
1508696786/ 20.06
1508696848/ 20.06
1508696908/ 20.06
1508696974/ 20.06
1508697035/ 20.12
1508697096/ 20.12
1508697157/ 20.12
1508697218/ 20.12
1508697279/ 20.19
1508697341/ 20.19
1508697401/ 20.19
1508697467/ 20.25
1508697529/ 20.25
1508697590/ 20.31
1508697651/ 20.31
1508697712/ 20.31
1508697773/ 20.38
1508697834/ 20.38
1508697894/ 20.44
1508697960/ 20.44
1508698021/ 20.44
1508698082/ 20.44
1508698143/ 20.50
1508698204/ 20.50
1508698265/ 20.56
1508698326/ 20.56
1508698387/ 20.56
1508698447/ 20.56
1508698513/ 20.62
1508698574/ 20.62
1508698635/ 20.62
1508698696/ 20.69
1508698757/ 20.69
1508698818/ 20.69
1508698879/ 20.75
1508698940/ 20.69
1508699000/ 20.69
1508699066/ 20.69
1508699127/ 20.75
1508699188/ 20.69
1508699249/ 20.69
1508699310/ 20.69
1508699371/ 20.69
1508699432/ 20.69
1508699493/ 20.69
1508699554/ 20.69
1508699615/ 20.69
1508699676/ 20.69
1508699737/ 20.62
1508699798/ 20.62
1508699859/ 20.62
1508699920/ 20.56
1508699981/ 20.56
1508700042/ 20.56
1508700102/ 20.56
1508700168/ 20.56
1508700229/ 20.56
1508700290/ 20.56
1508700351/ 20.56
1508700412/ 20.56
1508700473/ 20.50
1508700534/ 20.50
1508700595/ 20.50
1508700655/ 20.50
1508700721/ 20.50
1508700782/ 20.50
1508700843/ 20.44
1508700904/ 20.44
1508700965/ 20.44
1508701026/ 20.44
1508701087/ 20.44
1508701148/ 20.44
1508701209/ 20.44
1508701270/ 20.44
1508701331/ 20.44
1508701392/ 20.44
1508701453/ 20.44
1508701514/ 20.38
1508701575/ 20.38
1508701636/ 20.38
1508701696/ 20.38
1508701763/ 20.38
1508701824/ 20.38
1508701885/ 20.38
1508701946/ 20.38
1508702007/ 20.31
1508702068/ 20.38
1508702128/ 20.31
1508702195/ 20.38
1508702256/ 20.31
1508702317/ 20.31
1508702378/ 20.31
1508702439/ 20.31
1508702500/ 20.31
1508702561/ 20.31
1508702621/ 20.31
1508702688/ 20.31
1508702749/ 20.31
1508702810/ 20.25
1508702871/ 20.25
1508702932/ 20.25
1508702993/ 20.25
1508703054/ 20.25
1508703114/ 20.25
1508703181/ 20.25
1508703242/ 20.25
1508703303/ 20.25
1508703364/ 20.25
1508703425/ 20.25
1508703486/ 20.19
1508703546/ 20.19
1508703612/ 20.19
1508703673/ 20.19
1508703734/ 20.19
1508703795/ 20.19
1508703856/ 20.19
1508703917/ 20.19
1508703978/ 20.19
1508704039/ 20.19
1508704099/ 20.12
1508704165/ 20.12
1508704226/ 20.12
1508704287/ 20.12
1508704348/ 20.12
1508704409/ 20.12
1508704470/ 20.12
1508704531/ 20.12
1508704592/ 20.12
1508704652/ 20.12
1508704718/ 20.12
1508704779/ 20.12
1508704840/ 20.12
1508704901/ 20.12
1508704962/ 20.12
1508705023/ 20.12
1508705084/ 20.19
1508705144/ 20.19
1508705210/ 20.19
1508705271/ 20.25
1508705332/ 20.25
1508705393/ 20.31
1508705454/ 20.31
1508705515/ 20.38
1508705576/ 20.38
1508705637/ 20.38
1508705698/ 20.44
1508705758/ 20.44
1508705824/ 20.50
1508705885/ 20.50
1508705946/ 20.50
1508706008/ 20.56
1508706069/ 20.56
1508706130/ 20.62
1508706191/ 20.62
1508706251/ 20.69
1508706317/ 20.69
1508706378/ 20.69
1508706439/ 20.69
1508706501/ 20.75
1508706562/ 20.75
1508706623/ 20.75
1508706684/ 20.69
1508706744/ 20.75
1508706810/ 20.69
1508706871/ 20.69
1508706932/ 20.69
1508706994/ 20.69
1508707055/ 20.62
1508707116/ 20.69
1508707176/ 20.62
1508707242/ 20.62
1508707303/ 20.62
1508707364/ 20.62
1508707425/ 20.62
1508707486/ 20.56
1508707548/ 20.56
1508707609/ 20.56
1508707669/ 20.56
1508707735/ 20.56
1508707796/ 20.56
1508707857/ 20.56
1508707918/ 20.50
1508707980/ 20.50
1508708041/ 20.50
1508708102/ 20.50
1508708162/ 20.50
1508708228/ 20.50
1508708289/ 20.44
1508708350/ 20.44
1508708411/ 20.44
1508708472/ 20.44
1508708533/ 20.44
1508708594/ 20.44
1508708654/ 20.44
1508708720/ 20.44
1508708781/ 20.38
1508708842/ 20.38
1508708903/ 20.38
1508708964/ 20.38
1508709025/ 20.38
1508709086/ 20.38
1508709147/ 20.38
1508709208/ 20.38
1508709269/ 20.38
1508709330/ 20.38
1508709391/ 20.38
1508709452/ 20.31
1508709513/ 20.31
1508709574/ 20.31
1508709635/ 20.31
1508709696/ 20.31
1508709756/ 20.31
1508709822/ 20.31
1508709883/ 20.25
1508709944/ 20.25
1508710005/ 20.25
1508710066/ 20.25
1508710127/ 20.25
1508710188/ 20.25
1508710249/ 20.25
1508710309/ 20.19
1508710375/ 20.19
1508710436/ 20.19
1508710497/ 20.19
1508710558/ 20.19
1508710619/ 20.19
1508710680/ 20.19
1508710741/ 20.12
1508710802/ 20.12
1508710862/ 20.12
1508710929/ 20.12
1508710990/ 20.12
1508711051/ 20.12
1508711112/ 20.12
1508711173/ 20.12
1508711234/ 20.12
1508711294/ 20.06
1508711360/ 20.06
1508711422/ 20.06
1508711483/ 20.06
1508711544/ 20.06
1508711605/ 20.06
1508711666/ 20.00
1508711727/ 20.00
1508711787/ 20.00
1508711853/ 20.00
1508711915/ 20.00
1508711976/ 20.00
1508712037/ 20.00
1508712098/ 20.00
1508712159/ 20.00
1508712220/ 20.00
1508712280/ 19.94
1508712346/ 19.94
1508712407/ 19.94
1508712468/ 19.94
1508712529/ 19.94
1508712590/ 19.94
1508712651/ 19.94
1508712712/ 19.94
1508712773/ 19.94
1508712833/ 19.94
1508712899/ 19.94
1508712960/ 19.88
1508713021/ 19.88
1508713082/ 19.88
1508713143/ 19.88
1508713204/ 19.88
1508713265/ 19.88
1508713326/ 19.88
1508713386/ 19.88
1508713452/ 19.88
1508713513/ 19.88
1508713575/ 19.88
1508713636/ 19.88
1508713697/ 19.88
1508713758/ 19.81
1508713818/ 19.81
1508713884/ 19.81
1508713945/ 19.81
1508714006/ 19.81
1508714068/ 19.81
1508714129/ 19.81
1508714190/ 19.81
1508714251/ 19.81
1508714311/ 19.81
1508714377/ 19.81
1508714438/ 19.81
1508714499/ 19.81
1508714560/ 19.81
1508714621/ 19.75
1508714684/ 19.81
1508714744/ 19.75
1508714810/ 19.75
1508714871/ 19.75
1508714932/ 19.75
1508714993/ 19.75
1508715054/ 19.75
1508715115/ 19.75
1508715176/ 19.75
1508715237/ 19.75
1508715298/ 19.81
1508715358/ 19.75
1508715424/ 19.75
1508715485/ 19.75
1508715546/ 19.75
1508715607/ 19.75
1508715668/ 19.75
1508715729/ 19.75
1508715790/ 19.75
1508715850/ 19.75
1508715916/ 19.75
1508715977/ 19.75
1508716038/ 19.75
1508716099/ 19.75
1508716160/ 19.75
1508716221/ 19.75
1508716282/ 19.75
1508716343/ 19.75
1508716403/ 19.69
1508716469/ 19.69
1508716530/ 19.69
1508716591/ 19.69
1508716652/ 19.69
1508716713/ 19.69
1508716774/ 19.69
1508716835/ 19.69
1508716896/ 19.69
1508716956/ 19.69
1508717022/ 19.69
1508717083/ 19.69
1508717144/ 19.69
1508717205/ 19.62
1508717266/ 19.62
1508717327/ 19.69
1508717388/ 19.62
1508717448/ 19.62
1508717514/ 19.62
1508717575/ 19.62
1508717636/ 19.62
1508717698/ 19.62
1508717759/ 19.62
1508717820/ 19.62
1508717881/ 19.62
1508717942/ 19.62
1508718002/ 19.62
1508718068/ 19.62
1508718129/ 19.62
1508718190/ 19.62
1508718251/ 19.62
1508718312/ 19.56
1508718373/ 19.56
1508718434/ 19.56
1508718495/ 19.56
1508718555/ 19.56
1508718621/ 19.56
1508718682/ 19.56
1508718743/ 19.56
1508718804/ 19.56
1508718865/ 19.56
1508718926/ 19.56
1508718987/ 19.56
1508719048/ 19.56
1508719108/ 19.56
1508719174/ 19.56
1508719235/ 19.56
1508719296/ 19.56
1508719357/ 19.56
1508719418/ 19.56
1508719479/ 19.50
1508719540/ 19.50
1508719601/ 19.50
1508719661/ 19.50
1508719727/ 19.50
1508719788/ 19.50
1508719849/ 19.50
1508719910/ 19.50
1508719971/ 19.50
1508720032/ 19.50
1508720093/ 19.50
1508720154/ 19.50
1508720214/ 19.50
1508720280/ 19.50
1508720341/ 19.50
1508720402/ 19.44
1508720463/ 19.44
1508720524/ 19.44
1508720585/ 19.44
1508720646/ 19.44
1508720706/ 19.44
1508720772/ 19.44
1508720834/ 19.44
1508720895/ 19.44
1508720956/ 19.44
1508721017/ 19.44
1508721078/ 19.44
1508721139/ 19.44
1508721199/ 19.44
1508721265/ 19.44
1508721327/ 19.44
1508721388/ 19.38
1508721449/ 19.44
1508721510/ 19.44
1508721571/ 19.44
1508721632/ 19.38
1508721693/ 19.38
1508721753/ 19.38
1508721819/ 19.38
1508721880/ 19.38
1508721941/ 19.38
1508722002/ 19.38
1508722063/ 19.38
1508722124/ 19.38
1508722185/ 19.38
1508722246/ 19.38
1508722306/ 19.38
1508722372/ 19.38
1508722433/ 19.38
1508722494/ 19.38
1508722555/ 19.38
1508722616/ 19.38
1508722677/ 19.38
1508722738/ 19.38
1508722799/ 19.38
1508722860/ 19.38
1508722921/ 19.38
1508722982/ 19.31
1508723043/ 19.38
1508723104/ 19.31
1508723165/ 19.31
1508723226/ 19.31
1508723286/ 19.31
1508723352/ 19.31
1508723413/ 19.31
1508723474/ 19.31
1508723535/ 19.31
1508723596/ 19.31
1508723657/ 19.31
1508723718/ 19.31
1508723778/ 19.31
1508723844/ 19.31
1508723905/ 19.31
1508723966/ 19.31
1508724027/ 19.25
1508724088/ 19.31
1508724150/ 19.31
1508724211/ 19.31
1508724271/ 19.25
1508724337/ 19.25
1508724398/ 19.25
1508724460/ 19.31
1508724521/ 19.31
1508724582/ 19.25
1508724643/ 19.25
1508724704/ 19.25
1508724765/ 19.25
1508724826/ 19.25
1508724887/ 19.25
1508724948/ 19.25
1508725009/ 19.25
1508725070/ 19.25
1508725131/ 19.25
1508725192/ 19.25
1508725253/ 19.25
1508725314/ 19.25
1508725375/ 19.25
1508725436/ 19.25
1508725497/ 19.25
1508725558/ 19.25
1508725618/ 19.25
1508725684/ 19.25
1508725745/ 19.25
1508725806/ 19.25
1508725867/ 19.25
1508725928/ 19.19
1508725989/ 19.19
1508726050/ 19.19
1508726111/ 19.19
1508726171/ 19.19
1508726237/ 19.19
1508726298/ 19.19
1508726359/ 19.19
1508726420/ 19.19
1508726481/ 19.19
1508726542/ 19.19
1508726603/ 19.19
1508726665/ 19.19
1508726726/ 19.19
1508726786/ 19.19
1508726852/ 19.19
1508726913/ 19.12
1508726974/ 19.12
1508727035/ 19.12
1508727096/ 19.12
1508727157/ 19.12
1508727218/ 19.12
1508727278/ 19.12
1508727344/ 19.12
1508727405/ 19.12
1508727466/ 19.12
1508727527/ 19.12
1508727588/ 19.12
1508727649/ 19.12
1508727710/ 19.12
1508727771/ 19.12
1508727831/ 19.12
1508727897/ 19.12
1508727958/ 19.12
1508728019/ 19.12
1508728080/ 19.12
1508728141/ 19.12
1508728202/ 19.12
1508728263/ 19.12
1508728324/ 19.12
1508728385/ 19.06
1508728445/ 19.12
1508728511/ 19.06
1508728572/ 19.06
1508728633/ 19.06
1508728694/ 19.06
1508728755/ 19.06
1508728816/ 19.06
1508728878/ 19.06
1508728938/ 19.06
1508729004/ 19.06
1508729065/ 19.06
1508729126/ 19.06
1508729187/ 19.06
1508729248/ 19.06
1508729309/ 19.06
1508729370/ 19.06
1508729431/ 19.06
1508729492/ 19.06
1508729553/ 19.06
1508729614/ 19.06
1508729675/ 19.06
1508729736/ 19.06
1508729797/ 19.00
1508729858/ 19.06
1508729918/ 19.06
1508729984/ 19.06
1508730045/ 19.06
1508730106/ 19.06
1508730167/ 19.06
1508730228/ 19.06
1508730289/ 19.06
1508730350/ 19.06
1508730411/ 19.06
1508730472/ 19.06
1508730532/ 19.06
1508730598/ 19.06
1508730660/ 19.06
1508730721/ 19.00
1508730782/ 19.00
1508730843/ 19.00
1508730904/ 19.00
1508730965/ 19.00
1508731026/ 19.00
1508731087/ 19.00
1508731149/ 19.00
1508731210/ 19.00
1508731271/ 19.00
1508731332/ 19.00
1508731392/ 19.00
1508731458/ 19.00
1508731519/ 19.00
1508731580/ 19.06
1508731642/ 19.06
1508731703/ 19.12
1508731764/ 19.12
1508731825/ 19.19
1508731886/ 19.19
1508731947/ 19.25
1508732008/ 19.25
1508732069/ 19.31
1508732131/ 19.31
1508732192/ 19.38
1508732252/ 19.38
1508732318/ 19.44
1508732380/ 19.50
1508732441/ 19.50
1508732502/ 19.56
1508732563/ 19.56
1508732624/ 19.62
1508732685/ 19.62
1508732746/ 19.62
1508732806/ 19.69
1508732873/ 19.75
1508732934/ 19.75
1508732996/ 19.81
1508733057/ 19.75
1508733118/ 19.75
1508733179/ 19.81
1508733239/ 19.81
1508733305/ 19.81
1508733367/ 19.88
1508733428/ 19.88
1508733489/ 19.88
1508733550/ 19.88
1508733611/ 19.88
1508733672/ 19.88
1508733733/ 19.94
1508733794/ 19.94
1508733855/ 19.94
1508733916/ 20.00
1508733978/ 20.00
1508734039/ 20.00
1508734099/ 20.06
1508734165/ 20.06
1508734226/ 20.12
1508734287/ 20.12
1508734348/ 20.12
1508734409/ 20.19
1508734471/ 20.19
1508734532/ 20.25
1508734592/ 20.25
1508734658/ 20.31
1508734719/ 20.31
1508734780/ 20.31
1508734841/ 20.38
1508734902/ 20.44
1508734964/ 20.50
1508735024/ 20.50
1508735090/ 20.50
1508735151/ 20.56
1508735212/ 20.56
1508735273/ 20.56
1508735334/ 20.62
1508735395/ 20.62
1508735457/ 20.69
1508735517/ 20.69
1508735583/ 20.69
1508735644/ 20.69
1508735705/ 20.69
1508735766/ 20.69
1508735827/ 20.69
1508735888/ 20.69
1508735950/ 20.69
1508736010/ 20.69
1508736076/ 20.69
1508736137/ 20.62
1508736198/ 20.62
1508736259/ 20.62
1508736320/ 20.62
1508736381/ 20.62
1508736442/ 20.62
1508736502/ 20.56
1508736568/ 20.56
1508736629/ 20.56
1508736690/ 20.50
1508736751/ 20.50
1508736812/ 20.50
1508736873/ 20.50
1508736934/ 20.50
1508736995/ 20.50
1508737055/ 20.44
1508737121/ 20.44
1508737182/ 20.44
1508737243/ 20.44
1508737304/ 20.44
1508737365/ 20.38
1508737426/ 20.38
1508737487/ 20.38
1508737548/ 20.38
1508737608/ 20.38
1508737674/ 20.31
1508737735/ 20.31
1508737796/ 20.31
1508737857/ 20.31
1508737918/ 20.25
1508737980/ 20.25
1508738040/ 20.25
1508738106/ 20.25
1508738167/ 20.25
1508738228/ 20.19
1508738289/ 20.19
1508738350/ 20.19
1508738411/ 20.19
1508738472/ 20.19
1508738533/ 20.19
1508738593/ 20.19
1508738659/ 20.19
1508738720/ 20.19
1508738781/ 20.19
1508738842/ 20.19
1508738903/ 20.19
1508738964/ 20.19
1508739025/ 20.19
1508739086/ 20.19
1508739146/ 20.12
1508739212/ 20.19
1508739273/ 20.19
1508739334/ 20.19
1508739395/ 20.19
1508739456/ 20.19
1508739517/ 20.12
1508739578/ 20.12
1508739638/ 20.12
1508739704/ 20.12
1508739765/ 20.12
1508739826/ 20.12
1508739887/ 20.12
1508739948/ 20.12
1508740009/ 20.12
1508740070/ 20.12
1508740131/ 20.12
1508740191/ 20.12
1508740257/ 20.12
1508740318/ 20.12
1508740379/ 20.12
1508740440/ 20.12
1508740501/ 20.19
1508740562/ 20.19
1508740623/ 20.19
1508740684/ 20.19
1508740745/ 20.25
1508740806/ 20.25
1508740867/ 20.25
1508740928/ 20.31
1508740989/ 20.38
1508741050/ 20.38
1508741111/ 20.38
1508741172/ 20.38
1508741232/ 20.38
1508741299/ 20.38
1508741360/ 20.44
1508741422/ 20.50
1508741483/ 20.50
1508741544/ 20.56
1508741605/ 20.56
1508741665/ 20.62
1508741731/ 20.56
1508741792/ 20.56
1508741853/ 20.56
1508741914/ 20.56
1508741975/ 20.56
1508742036/ 20.56
1508742097/ 20.56
1508742158/ 20.56
1508742218/ 20.62
1508742284/ 20.62
1508742345/ 20.62
1508742406/ 20.56
1508742467/ 20.62
1508742528/ 20.56
1508742589/ 20.56
1508742650/ 20.56
1508742711/ 20.56
1508742771/ 20.56
1508742837/ 20.50
1508742898/ 20.50
1508742959/ 20.50
1508743020/ 20.44
1508743082/ 20.44
1508743143/ 20.44
1508743204/ 20.44
1508743264/ 20.44
1508743330/ 20.44
1508743391/ 20.38
1508743452/ 20.38
1508743513/ 20.38
1508743574/ 20.38
1508743635/ 20.38
1508743696/ 20.38
1508743757/ 20.31
1508743817/ 20.31
1508743883/ 20.31
1508743944/ 20.31
1508744005/ 20.31
1508744066/ 20.31
1508744127/ 20.25
1508744188/ 20.25
1508744249/ 20.25
1508744310/ 20.25
1508744370/ 20.25
1508744436/ 20.25
1508744497/ 20.25
1508744558/ 20.25
1508744619/ 20.25
1508744680/ 20.25
1508744741/ 20.19
1508744802/ 20.19
1508744863/ 20.19
1508744924/ 20.19
1508744985/ 20.19
1508745046/ 20.19
1508745108/ 20.19
1508745169/ 20.12
1508745230/ 20.12
1508745290/ 20.12
1508745356/ 20.12
1508745417/ 20.12
1508745478/ 20.12
1508745539/ 20.12
1508745600/ 20.12
1508745661/ 20.06
1508745722/ 20.06
1508745783/ 20.06
1508745843/ 20.06
1508745909/ 20.06
1508745970/ 20.06
1508746031/ 20.06
1508746092/ 20.06
1508746153/ 20.00
1508746214/ 20.00
1508746275/ 20.00
1508746336/ 20.00
1508746396/ 20.00
1508746462/ 20.00
1508746523/ 20.00
1508746584/ 20.00
1508746645/ 20.00
1508746706/ 19.94
1508746768/ 19.94
1508746828/ 19.94
1508746894/ 19.94
1508746955/ 19.94
1508747016/ 19.94
1508747077/ 19.88
1508747138/ 19.88
1508747199/ 19.94
1508747261/ 19.94
1508747321/ 19.88
1508747387/ 19.88
1508747448/ 19.88
1508747509/ 19.88
1508747570/ 19.88
1508747631/ 19.88
1508747692/ 19.88
1508747754/ 19.88
1508747814/ 19.88
1508747880/ 19.81
1508747941/ 19.88
1508748002/ 19.81
1508748063/ 19.81
1508748124/ 19.81
1508748185/ 19.81
1508748246/ 19.81
1508748307/ 19.81
1508748367/ 19.81
1508748433/ 19.81
1508748494/ 19.81
1508748555/ 19.81
1508748616/ 19.81
1508748677/ 19.81
1508748738/ 19.81
1508748799/ 19.75
1508748860/ 19.75
1508748920/ 19.81
1508748986/ 19.75
1508749047/ 19.75
1508749108/ 19.75
1508749169/ 19.75
1508749230/ 19.75
1508749291/ 19.75
1508749352/ 19.75
1508749413/ 19.75
1508749473/ 19.75
1508749539/ 19.75
1508749600/ 19.81
1508749661/ 19.81
1508749722/ 19.81
1508749783/ 19.81
1508749844/ 19.81
1508749905/ 19.81
1508749966/ 19.81
1508750026/ 19.81
1508750092/ 19.81
1508750153/ 19.81
1508750214/ 19.81
1508750275/ 19.81
1508750336/ 19.81
1508750397/ 19.81
1508750458/ 19.81
1508750519/ 19.81
1508750579/ 19.81
1508750645/ 19.81
1508750706/ 19.81
1508750767/ 19.81
1508750828/ 19.81
1508750889/ 19.81
1508750950/ 19.75
1508751011/ 19.75
1508751072/ 19.75
1508751132/ 19.75
1508751198/ 19.75
1508751259/ 19.75
1508751320/ 19.75
1508751381/ 19.75
1508751442/ 19.75
1508751503/ 19.69
1508751564/ 19.75
1508751624/ 19.75
1508751690/ 19.75
1508751751/ 19.75
1508751812/ 19.75
1508751873/ 19.75
1508751934/ 19.69
1508751995/ 19.75
1508752056/ 19.75
1508752117/ 19.75
1508752178/ 19.75
1508752238/ 19.69
1508752304/ 19.69
1508752365/ 19.69
1508752426/ 19.69
1508752487/ 19.75
1508752548/ 19.69
1508752609/ 19.69
1508752670/ 19.69
1508752731/ 19.69
1508752791/ 19.69
1508752857/ 19.69
1508752918/ 19.69
1508752979/ 19.69
1508753041/ 19.75
1508753102/ 19.75
1508753163/ 19.75
1508753224/ 19.75
1508753284/ 19.81
1508753350/ 19.88
1508753411/ 19.88
1508753472/ 19.94
1508753533/ 19.94
1508753594/ 20.00
1508753655/ 20.06
1508753716/ 20.12
1508753776/ 20.19
1508753842/ 20.25
1508753903/ 20.38
1508753964/ 20.44
1508754025/ 20.50
1508754086/ 20.62
1508754147/ 20.62
1508754208/ 20.62
1508754269/ 20.69
1508754330/ 20.69
1508754390/ 20.62
1508754456/ 20.62
1508754517/ 20.62
1508754579/ 20.62
1508754640/ 20.62
1508754701/ 20.56
1508754762/ 20.56
1508754822/ 20.50
1508754888/ 20.50
1508754949/ 20.50
1508755010/ 20.50
1508755071/ 20.50
1508755132/ 20.50
1508755194/ 20.56
1508755255/ 20.50
1508755316/ 20.50
1508755377/ 20.56
1508755438/ 20.56
1508755499/ 20.50
1508755560/ 20.50
1508755621/ 20.56
1508755682/ 20.56
1508755743/ 20.56
1508755804/ 20.50
1508755864/ 20.50
1508755932/ 20.56
1508755993/ 20.50
1508756055/ 20.50
1508756116/ 20.50
1508756177/ 20.44
1508756237/ 20.44
1508756303/ 20.44
1508756364/ 20.38
1508756425/ 20.38
1508756486/ 20.38
1508756548/ 20.38
1508756609/ 20.31
1508756670/ 20.31
1508756730/ 20.31
1508756797/ 20.25
1508756858/ 20.25
1508756919/ 20.25
1508756980/ 20.25
1508757041/ 20.25
1508757102/ 20.25
1508757162/ 20.25
1508757228/ 20.25
1508757289/ 20.19
1508757350/ 20.19
1508757411/ 20.19
1508757472/ 20.19
1508757533/ 20.19
1508757594/ 20.19
1508757655/ 20.19
1508757716/ 20.19
1508757776/ 20.19
1508757842/ 20.19
1508757903/ 20.19
1508757964/ 20.19
1508758025/ 20.12
1508758086/ 20.12
1508758147/ 20.12
1508758208/ 20.12
1508758269/ 20.12
1508758330/ 20.12
1508758391/ 20.19
1508758452/ 20.19
1508758513/ 20.19
1508758575/ 20.19
1508758636/ 20.19
1508758696/ 20.19
1508758762/ 20.19
1508758823/ 20.19
1508758884/ 20.19
1508758945/ 20.19
1508759006/ 20.19
1508759067/ 20.19
1508759128/ 20.19
1508759189/ 20.19
1508759249/ 20.12
1508759316/ 20.19
1508759377/ 20.12
1508759439/ 20.19
1508759500/ 20.31
1508759561/ 20.38
1508759622/ 20.44
1508759683/ 20.44
1508759744/ 20.56
1508759804/ 20.50
1508759870/ 20.44
1508759931/ 20.44
1508759992/ 20.38
1508760053/ 20.38
1508760114/ 20.31
1508760175/ 20.31
1508760236/ 20.31
1508760296/ 20.31
1508760362/ 20.25
1508760423/ 20.25
1508760484/ 20.25
1508760546/ 20.25
1508760607/ 20.25
1508760669/ 20.25
1508760730/ 20.19
1508760790/ 20.19
1508760856/ 20.19
1508760917/ 20.19
1508760978/ 20.19
1508761039/ 20.19
1508761100/ 20.12
1508761161/ 20.12
1508761222/ 20.12
1508761282/ 20.12
1508761348/ 20.06
1508761409/ 20.06
1508761470/ 20.06
1508761531/ 20.06
1508761592/ 20.06
1508761653/ 20.06
1508761714/ 20.06
1508761775/ 20.06
1508761835/ 20.06
1508761901/ 20.06
1508761962/ 20.06
1508762023/ 20.06
1508762084/ 20.06
1508762145/ 20.06
1508762206/ 20.06
1508762267/ 20.06
1508762328/ 20.00
1508762388/ 20.00
1508762454/ 20.00
1508762515/ 20.00
1508762576/ 20.00
1508762637/ 20.00
1508762698/ 20.00
1508762759/ 20.00
1508762820/ 20.00
1508762881/ 20.00
1508762942/ 20.00
1508763003/ 20.06
1508763064/ 20.00
1508763125/ 20.00
1508763186/ 20.00
1508763247/ 20.00
1508763308/ 20.00
1508763368/ 20.00
1508763434/ 20.00
1508763495/ 20.00
1508763556/ 20.00
1508763617/ 20.00
1508763678/ 20.00
1508763739/ 20.00
1508763800/ 20.00
1508763860/ 20.00
1508763926/ 20.00
1508763987/ 20.00
1508764048/ 20.00
1508764109/ 20.00
1508764171/ 20.00
1508764232/ 20.00
1508764293/ 20.00
1508764354/ 20.00
1508764415/ 20.00
1508764476/ 20.00
1508764538/ 20.00
1508764600/ 20.00
1508764661/ 20.00
1508764721/ 20.00
1508764787/ 20.00
1508764848/ 20.00
1508764909/ 20.00
1508764971/ 20.00
1508765032/ 20.00
1508765093/ 20.00
1508765154/ 20.00
1508765214/ 20.00
1508765280/ 20.00
1508765341/ 20.00
1508765402/ 20.00
1508765463/ 20.00
1508765524/ 20.00
1508765585/ 20.00
1508765646/ 20.00
1508765707/ 20.00
1508765768/ 20.00
1508765829/ 20.00
1508765890/ 20.00
1508765951/ 20.00
1508766012/ 20.00
1508766073/ 20.00
1508766134/ 20.06
1508766195/ 20.06
1508766255/ 20.06
1508766321/ 20.06
1508766382/ 20.12
1508766443/ 20.06
1508766504/ 20.06
1508766565/ 20.12
1508766626/ 20.12
1508766687/ 20.12
1508766749/ 20.12
1508766809/ 20.12
1508766875/ 20.12
1508766936/ 20.12
1508766997/ 20.12
1508767058/ 20.12
1508767119/ 20.19
1508767180/ 20.25
1508767241/ 20.31
1508767302/ 20.38
1508767362/ 20.38
1508767428/ 20.38
1508767489/ 20.44
1508767551/ 20.44
1508767612/ 20.44
1508767673/ 20.44
1508767734/ 20.44
1508767794/ 20.50
1508767860/ 20.50
1508767921/ 20.62
1508767982/ 20.62
1508768043/ 20.62
1508768104/ 20.69
1508768165/ 20.69
1508768226/ 20.75
1508768287/ 20.75
1508768347/ 20.81
1508768413/ 20.81
1508768474/ 20.81
1508768535/ 20.75
1508768596/ 20.75
1508768657/ 20.75
1508768718/ 20.69
1508768779/ 20.69
1508768840/ 20.69
1508768900/ 20.69
1508768966/ 20.69
1508769027/ 20.75
1508769089/ 20.88
1508769150/ 20.94
1508769211/ 21.00
1508769272/ 21.00
1508769332/ 21.19
